2025-10-09 13:35:10,261 DEBUG    root            Loaded Command Group: ['gcloud', 'components']
2025-10-09 13:35:10,265 DEBUG    root            Loaded Command Group: ['gcloud', 'components', 'update']
2025-10-09 13:35:10,266 DEBUG    root            Running [gcloud.components.update] with arguments: [--compile-python: "True", --quiet: "True", COMPONENT-IDS:6: "['core', 'gcloud-deps', 'bq', 'gcloud', 'gcloud-crc32c', 'gsutil']"]
2025-10-09 13:35:10,267 INFO     ___FILE_ONLY___ Beginning update. This process may take several minutes.

2025-10-09 13:35:10,299 DEBUG    urllib3.connectionpool Starting new HTTPS connection (1): dl.google.com:443
2025-10-09 13:35:11,250 DEBUG    urllib3.connectionpool https://dl.google.com:443 "GET /dl/cloudsdk/channels/rapid/components-2.json HTTP/11" 200 233157
2025-10-09 13:35:11,261 INFO     ___FILE_ONLY___ 

2025-10-09 13:35:11,261 INFO     ___FILE_ONLY___ 
Your current Google Cloud CLI version is: 542.0.0

2025-10-09 13:35:11,261 INFO     ___FILE_ONLY___ Installing components from version: 542.0.0

2025-10-09 13:35:11,261 INFO     ___FILE_ONLY___ 

2025-10-09 13:35:11,262 DEBUG    root            Chosen display Format:table[box,title="These components will be removed."](details.display_name:label=Name:align=left,version.version_string:label=Version:align=right,data.size.size(zero="",min=1048576):label=Size:align=right)
2025-10-09 13:35:11,262 DEBUG    root            Chosen display Format:table[box,title="These components will be updated."](details.display_name:label=Name:align=left,version.version_string:label=Version:align=right,data.size.size(zero="",min=1048576):label=Size:align=right)
2025-10-09 13:35:11,263 DEBUG    root            Chosen display Format:table[box,title="These components will be installed."](details.display_name:label=Name:align=left,version.version_string:label=Version:align=right,data.size.size(zero="",min=1048576):label=Size:align=right)
2025-10-09 13:35:11,302 INFO     ___FILE_ONLY___ ┌─────────────────────────────────────────────────────────────────────────────┐
2025-10-09 13:35:11,302 INFO     ___FILE_ONLY___ 

2025-10-09 13:35:11,303 INFO     ___FILE_ONLY___ │                     These components will be installed.                     │
2025-10-09 13:35:11,303 INFO     ___FILE_ONLY___ 

2025-10-09 13:35:11,303 INFO     ___FILE_ONLY___ ├─────────────────────────────────────────────────────┬────────────┬──────────┤
2025-10-09 13:35:11,303 INFO     ___FILE_ONLY___ 

2025-10-09 13:35:11,303 INFO     ___FILE_ONLY___ │                         Name                        │  Version   │   Size   │
2025-10-09 13:35:11,303 INFO     ___FILE_ONLY___ 

2025-10-09 13:35:11,303 INFO     ___FILE_ONLY___ ├─────────────────────────────────────────────────────┼────────────┼──────────┤
2025-10-09 13:35:11,303 INFO     ___FILE_ONLY___ 

2025-10-09 13:35:11,303 INFO     ___FILE_ONLY___ │ 
2025-10-09 13:35:11,303 INFO     ___FILE_ONLY___ BigQuery Command Line Tool                         
2025-10-09 13:35:11,303 INFO     ___FILE_ONLY___  
2025-10-09 13:35:11,304 INFO     ___FILE_ONLY___ │ 
2025-10-09 13:35:11,304 INFO     ___FILE_ONLY___     2.1.24
2025-10-09 13:35:11,304 INFO     ___FILE_ONLY___  
2025-10-09 13:35:11,304 INFO     ___FILE_ONLY___ │ 
2025-10-09 13:35:11,304 INFO     ___FILE_ONLY___  1.8 MiB
2025-10-09 13:35:11,304 INFO     ___FILE_ONLY___  
2025-10-09 13:35:11,304 INFO     ___FILE_ONLY___ │
2025-10-09 13:35:11,304 INFO     ___FILE_ONLY___ 

2025-10-09 13:35:11,304 INFO     ___FILE_ONLY___ │ 
2025-10-09 13:35:11,304 INFO     ___FILE_ONLY___ BigQuery Command Line Tool (Platform Specific)     
2025-10-09 13:35:11,304 INFO     ___FILE_ONLY___  
2025-10-09 13:35:11,304 INFO     ___FILE_ONLY___ │ 
2025-10-09 13:35:11,305 INFO     ___FILE_ONLY___     2.1.17
2025-10-09 13:35:11,305 INFO     ___FILE_ONLY___  
2025-10-09 13:35:11,305 INFO     ___FILE_ONLY___ │ 
2025-10-09 13:35:11,305 INFO     ___FILE_ONLY___  < 1 MiB
2025-10-09 13:35:11,305 INFO     ___FILE_ONLY___  
2025-10-09 13:35:11,305 INFO     ___FILE_ONLY___ │
2025-10-09 13:35:11,305 INFO     ___FILE_ONLY___ 

2025-10-09 13:35:11,305 INFO     ___FILE_ONLY___ │ 
2025-10-09 13:35:11,305 INFO     ___FILE_ONLY___ Bundled Python 3.12 (Platform Specific)            
2025-10-09 13:35:11,305 INFO     ___FILE_ONLY___  
2025-10-09 13:35:11,305 INFO     ___FILE_ONLY___ │ 
2025-10-09 13:35:11,305 INFO     ___FILE_ONLY___     3.12.9
2025-10-09 13:35:11,306 INFO     ___FILE_ONLY___  
2025-10-09 13:35:11,306 INFO     ___FILE_ONLY___ │ 
2025-10-09 13:35:11,306 INFO     ___FILE_ONLY___ 89.3 MiB
2025-10-09 13:35:11,306 INFO     ___FILE_ONLY___  
2025-10-09 13:35:11,306 INFO     ___FILE_ONLY___ │
2025-10-09 13:35:11,306 INFO     ___FILE_ONLY___ 

2025-10-09 13:35:11,306 INFO     ___FILE_ONLY___ │ 
2025-10-09 13:35:11,306 INFO     ___FILE_ONLY___ Cloud Storage Command Line Tool                    
2025-10-09 13:35:11,306 INFO     ___FILE_ONLY___  
2025-10-09 13:35:11,306 INFO     ___FILE_ONLY___ │ 
2025-10-09 13:35:11,306 INFO     ___FILE_ONLY___       5.35
2025-10-09 13:35:11,306 INFO     ___FILE_ONLY___  
2025-10-09 13:35:11,306 INFO     ___FILE_ONLY___ │ 
2025-10-09 13:35:11,307 INFO     ___FILE_ONLY___ 12.4 MiB
2025-10-09 13:35:11,307 INFO     ___FILE_ONLY___  
2025-10-09 13:35:11,307 INFO     ___FILE_ONLY___ │
2025-10-09 13:35:11,307 INFO     ___FILE_ONLY___ 

2025-10-09 13:35:11,307 INFO     ___FILE_ONLY___ │ 
2025-10-09 13:35:11,307 INFO     ___FILE_ONLY___ Cloud Storage Command Line Tool (Platform Specific)
2025-10-09 13:35:11,307 INFO     ___FILE_ONLY___  
2025-10-09 13:35:11,307 INFO     ___FILE_ONLY___ │ 
2025-10-09 13:35:11,307 INFO     ___FILE_ONLY___       5.34
2025-10-09 13:35:11,307 INFO     ___FILE_ONLY___  
2025-10-09 13:35:11,307 INFO     ___FILE_ONLY___ │ 
2025-10-09 13:35:11,307 INFO     ___FILE_ONLY___  < 1 MiB
2025-10-09 13:35:11,307 INFO     ___FILE_ONLY___  
2025-10-09 13:35:11,307 INFO     ___FILE_ONLY___ │
2025-10-09 13:35:11,308 INFO     ___FILE_ONLY___ 

2025-10-09 13:35:11,308 INFO     ___FILE_ONLY___ │ 
2025-10-09 13:35:11,308 INFO     ___FILE_ONLY___ Google Cloud CLI Core Libraries (Platform Specific)
2025-10-09 13:35:11,308 INFO     ___FILE_ONLY___  
2025-10-09 13:35:11,308 INFO     ___FILE_ONLY___ │ 
2025-10-09 13:35:11,308 INFO     ___FILE_ONLY___ 2025.05.23
2025-10-09 13:35:11,308 INFO     ___FILE_ONLY___  
2025-10-09 13:35:11,308 INFO     ___FILE_ONLY___ │ 
2025-10-09 13:35:11,308 INFO     ___FILE_ONLY___  < 1 MiB
2025-10-09 13:35:11,308 INFO     ___FILE_ONLY___  
2025-10-09 13:35:11,308 INFO     ___FILE_ONLY___ │
2025-10-09 13:35:11,308 INFO     ___FILE_ONLY___ 

2025-10-09 13:35:11,308 INFO     ___FILE_ONLY___ │ 
2025-10-09 13:35:11,309 INFO     ___FILE_ONLY___ Google Cloud CRC32C Hash Tool (Platform Specific)  
2025-10-09 13:35:11,309 INFO     ___FILE_ONLY___  
2025-10-09 13:35:11,309 INFO     ___FILE_ONLY___ │ 
2025-10-09 13:35:11,309 INFO     ___FILE_ONLY___      1.0.0
2025-10-09 13:35:11,309 INFO     ___FILE_ONLY___  
2025-10-09 13:35:11,309 INFO     ___FILE_ONLY___ │ 
2025-10-09 13:35:11,309 INFO     ___FILE_ONLY___  1.5 MiB
2025-10-09 13:35:11,309 INFO     ___FILE_ONLY___  
2025-10-09 13:35:11,309 INFO     ___FILE_ONLY___ │
2025-10-09 13:35:11,309 INFO     ___FILE_ONLY___ 

2025-10-09 13:35:11,309 INFO     ___FILE_ONLY___ │ 
2025-10-09 13:35:11,309 INFO     ___FILE_ONLY___ gcloud cli dependencies (Platform Specific)        
2025-10-09 13:35:11,309 INFO     ___FILE_ONLY___  
2025-10-09 13:35:11,309 INFO     ___FILE_ONLY___ │ 
2025-10-09 13:35:11,310 INFO     ___FILE_ONLY___ 2021.04.16
2025-10-09 13:35:11,310 INFO     ___FILE_ONLY___  
2025-10-09 13:35:11,310 INFO     ___FILE_ONLY___ │ 
2025-10-09 13:35:11,310 INFO     ___FILE_ONLY___  < 1 MiB
2025-10-09 13:35:11,310 INFO     ___FILE_ONLY___  
2025-10-09 13:35:11,310 INFO     ___FILE_ONLY___ │
2025-10-09 13:35:11,310 INFO     ___FILE_ONLY___ 

2025-10-09 13:35:11,310 INFO     ___FILE_ONLY___ └─────────────────────────────────────────────────────┴────────────┴──────────┘
2025-10-09 13:35:11,310 INFO     ___FILE_ONLY___ 

2025-10-09 13:35:11,310 INFO     ___FILE_ONLY___ 

2025-10-09 13:35:11,313 DEBUG    urllib3.connectionpool Starting new HTTPS connection (1): dl.google.com:443
2025-10-09 13:35:12,041 DEBUG    urllib3.connectionpool https://dl.google.com:443 "GET /dl/cloudsdk/channels/rapid/RELEASE_NOTES HTTP/11" 200 1495872
2025-10-09 13:35:12,551 INFO     ___FILE_ONLY___ For the latest full release notes, please visit:
  https://cloud.google.com/sdk/release_notes


2025-10-09 13:35:12,552 INFO     ___FILE_ONLY___ Performing in place update...


2025-10-09 13:35:12,554 INFO     ___FILE_ONLY___ ╔════════════════════════════════════════════════════════════╗

2025-10-09 13:35:12,554 INFO     ___FILE_ONLY___ ╠═ Downloading: BigQuery Command Line Tool                  ═╣

2025-10-09 13:35:12,554 INFO     ___FILE_ONLY___ ╚
2025-10-09 13:35:12,556 DEBUG    urllib3.connectionpool Starting new HTTPS connection (1): dl.google.com:443
2025-10-09 13:35:13,539 DEBUG    urllib3.connectionpool https://dl.google.com:443 "GET /dl/cloudsdk/channels/rapid/components/google-cloud-sdk-bq-20250929142209.tar.gz HTTP/11" 200 1861858
2025-10-09 13:35:13,550 INFO     ___FILE_ONLY___ ═
2025-10-09 13:35:13,550 INFO     ___FILE_ONLY___ ═
2025-10-09 13:35:13,551 INFO     ___FILE_ONLY___ ═
2025-10-09 13:35:13,551 INFO     ___FILE_ONLY___ ═
2025-10-09 13:35:13,551 INFO     ___FILE_ONLY___ ═
2025-10-09 13:35:13,551 INFO     ___FILE_ONLY___ ═
2025-10-09 13:35:13,551 INFO     ___FILE_ONLY___ ═
2025-10-09 13:35:13,551 INFO     ___FILE_ONLY___ ═
2025-10-09 13:35:13,552 INFO     ___FILE_ONLY___ ═
2025-10-09 13:35:13,552 INFO     ___FILE_ONLY___ ═
2025-10-09 13:35:13,552 INFO     ___FILE_ONLY___ ═
2025-10-09 13:35:13,552 INFO     ___FILE_ONLY___ ═
2025-10-09 13:35:13,552 INFO     ___FILE_ONLY___ ═
2025-10-09 13:35:13,552 INFO     ___FILE_ONLY___ ═
2025-10-09 13:35:13,552 INFO     ___FILE_ONLY___ ═
2025-10-09 13:35:13,552 INFO     ___FILE_ONLY___ ═
2025-10-09 13:35:13,553 INFO     ___FILE_ONLY___ ═
2025-10-09 13:35:13,553 INFO     ___FILE_ONLY___ ═
2025-10-09 13:35:13,553 INFO     ___FILE_ONLY___ ═
2025-10-09 13:35:13,553 INFO     ___FILE_ONLY___ ═
2025-10-09 13:35:13,553 INFO     ___FILE_ONLY___ ═
2025-10-09 13:35:13,553 INFO     ___FILE_ONLY___ ═
2025-10-09 13:35:13,553 INFO     ___FILE_ONLY___ ═
2025-10-09 13:35:13,554 INFO     ___FILE_ONLY___ ═
2025-10-09 13:35:13,554 INFO     ___FILE_ONLY___ ═
2025-10-09 13:35:13,554 INFO     ___FILE_ONLY___ ═
2025-10-09 13:35:13,554 INFO     ___FILE_ONLY___ ═
2025-10-09 13:35:13,554 INFO     ___FILE_ONLY___ ═
2025-10-09 13:35:13,554 INFO     ___FILE_ONLY___ ═
2025-10-09 13:35:13,554 INFO     ___FILE_ONLY___ ═
2025-10-09 13:35:13,555 INFO     ___FILE_ONLY___ ═
2025-10-09 13:35:13,555 INFO     ___FILE_ONLY___ ═
2025-10-09 13:35:13,555 INFO     ___FILE_ONLY___ ═
2025-10-09 13:35:13,555 INFO     ___FILE_ONLY___ ═
2025-10-09 13:35:13,555 INFO     ___FILE_ONLY___ ═
2025-10-09 13:35:13,555 INFO     ___FILE_ONLY___ ═
2025-10-09 13:35:13,556 INFO     ___FILE_ONLY___ ═
2025-10-09 13:35:13,556 INFO     ___FILE_ONLY___ ═
2025-10-09 13:35:13,556 INFO     ___FILE_ONLY___ ═
2025-10-09 13:35:13,556 INFO     ___FILE_ONLY___ ═
2025-10-09 13:35:13,556 INFO     ___FILE_ONLY___ ═
2025-10-09 13:35:13,556 INFO     ___FILE_ONLY___ ═
2025-10-09 13:35:13,556 INFO     ___FILE_ONLY___ ═
2025-10-09 13:35:13,556 INFO     ___FILE_ONLY___ ═
2025-10-09 13:35:13,557 INFO     ___FILE_ONLY___ ═
2025-10-09 13:35:13,557 INFO     ___FILE_ONLY___ ═
2025-10-09 13:35:13,557 INFO     ___FILE_ONLY___ ═
2025-10-09 13:35:13,557 INFO     ___FILE_ONLY___ ═
2025-10-09 13:35:13,557 INFO     ___FILE_ONLY___ ═
2025-10-09 13:35:13,557 INFO     ___FILE_ONLY___ ═
2025-10-09 13:35:13,557 INFO     ___FILE_ONLY___ ═
2025-10-09 13:35:13,557 INFO     ___FILE_ONLY___ ═
2025-10-09 13:35:13,558 INFO     ___FILE_ONLY___ ═
2025-10-09 13:35:13,558 INFO     ___FILE_ONLY___ ═
2025-10-09 13:35:13,558 INFO     ___FILE_ONLY___ ═
2025-10-09 13:35:13,558 INFO     ___FILE_ONLY___ ═
2025-10-09 13:35:13,558 INFO     ___FILE_ONLY___ ═
2025-10-09 13:35:13,558 INFO     ___FILE_ONLY___ ═
2025-10-09 13:35:13,558 INFO     ___FILE_ONLY___ ═
2025-10-09 13:35:13,558 INFO     ___FILE_ONLY___ ═
2025-10-09 13:35:13,559 INFO     ___FILE_ONLY___ ╝

2025-10-09 13:35:13,561 INFO     ___FILE_ONLY___ ╔════════════════════════════════════════════════════════════╗

2025-10-09 13:35:13,561 INFO     ___FILE_ONLY___ ╠═ Downloading: BigQuery Command Line Tool (Platform Spe... ═╣

2025-10-09 13:35:13,561 INFO     ___FILE_ONLY___ ╚
2025-10-09 13:35:13,563 DEBUG    urllib3.connectionpool Starting new HTTPS connection (1): dl.google.com:443
2025-10-09 13:35:14,519 DEBUG    urllib3.connectionpool https://dl.google.com:443 "GET /dl/cloudsdk/channels/rapid/components/google-cloud-sdk-bq-nix-20250523104322.tar.gz HTTP/11" 200 1935
2025-10-09 13:35:14,520 INFO     ___FILE_ONLY___ ════════════════════════════════════════════════════════════
2025-10-09 13:35:14,520 INFO     ___FILE_ONLY___ ╝

2025-10-09 13:35:14,522 INFO     ___FILE_ONLY___ ╔════════════════════════════════════════════════════════════╗

2025-10-09 13:35:14,522 INFO     ___FILE_ONLY___ ╠═ Downloading: Bundled Python 3.12                         ═╣

2025-10-09 13:35:14,522 INFO     ___FILE_ONLY___ ╚
2025-10-09 13:35:14,522 INFO     ___FILE_ONLY___ ════════════════════════════════════════════════════════════
2025-10-09 13:35:14,522 INFO     ___FILE_ONLY___ ╝

2025-10-09 13:35:14,524 INFO     ___FILE_ONLY___ ╔════════════════════════════════════════════════════════════╗

2025-10-09 13:35:14,524 INFO     ___FILE_ONLY___ ╠═ Downloading: Bundled Python 3.12 (Platform Specific)     ═╣

2025-10-09 13:35:14,524 INFO     ___FILE_ONLY___ ╚
2025-10-09 13:35:14,527 DEBUG    urllib3.connectionpool Starting new HTTPS connection (1): dl.google.com:443
2025-10-09 13:35:14,724 DEBUG    urllib3.connectionpool https://dl.google.com:443 "GET /dl/cloudsdk/channels/rapid/components/google-cloud-sdk-bundled-python3-unix-linux-x86_64-20250502143716.tar.gz HTTP/11" 200 93610468
2025-10-09 13:35:15,091 INFO     ___FILE_ONLY___ ═
2025-10-09 13:35:15,093 INFO     ___FILE_ONLY___ ═
2025-10-09 13:35:15,095 INFO     ___FILE_ONLY___ ═
2025-10-09 13:35:15,096 INFO     ___FILE_ONLY___ ═
2025-10-09 13:35:15,098 INFO     ___FILE_ONLY___ ═
2025-10-09 13:35:15,100 INFO     ___FILE_ONLY___ ═
2025-10-09 13:35:15,101 INFO     ___FILE_ONLY___ ═
2025-10-09 13:35:15,103 INFO     ___FILE_ONLY___ ═
2025-10-09 13:35:15,105 INFO     ___FILE_ONLY___ ═
2025-10-09 13:35:15,106 INFO     ___FILE_ONLY___ ═
2025-10-09 13:35:15,108 INFO     ___FILE_ONLY___ ═
2025-10-09 13:35:15,110 INFO     ___FILE_ONLY___ ═
2025-10-09 13:35:15,111 INFO     ___FILE_ONLY___ ═
2025-10-09 13:35:15,113 INFO     ___FILE_ONLY___ ═
2025-10-09 13:35:15,114 INFO     ___FILE_ONLY___ ═
2025-10-09 13:35:15,116 INFO     ___FILE_ONLY___ ═
2025-10-09 13:35:15,118 INFO     ___FILE_ONLY___ ═
2025-10-09 13:35:15,120 INFO     ___FILE_ONLY___ ═
2025-10-09 13:35:15,121 INFO     ___FILE_ONLY___ ═
2025-10-09 13:35:15,123 INFO     ___FILE_ONLY___ ═
2025-10-09 13:35:15,125 INFO     ___FILE_ONLY___ ═
2025-10-09 13:35:15,126 INFO     ___FILE_ONLY___ ═
2025-10-09 13:35:15,128 INFO     ___FILE_ONLY___ ═
2025-10-09 13:35:15,129 INFO     ___FILE_ONLY___ ═
2025-10-09 13:35:15,131 INFO     ___FILE_ONLY___ ═
2025-10-09 13:35:15,133 INFO     ___FILE_ONLY___ ═
2025-10-09 13:35:15,135 INFO     ___FILE_ONLY___ ═
2025-10-09 13:35:15,136 INFO     ___FILE_ONLY___ ═
2025-10-09 13:35:15,138 INFO     ___FILE_ONLY___ ═
2025-10-09 13:35:15,140 INFO     ___FILE_ONLY___ ═
2025-10-09 13:35:15,141 INFO     ___FILE_ONLY___ ═
2025-10-09 13:35:15,143 INFO     ___FILE_ONLY___ ═
2025-10-09 13:35:15,144 INFO     ___FILE_ONLY___ ═
2025-10-09 13:35:15,146 INFO     ___FILE_ONLY___ ═
2025-10-09 13:35:15,148 INFO     ___FILE_ONLY___ ═
2025-10-09 13:35:15,149 INFO     ___FILE_ONLY___ ═
2025-10-09 13:35:15,151 INFO     ___FILE_ONLY___ ═
2025-10-09 13:35:15,153 INFO     ___FILE_ONLY___ ═
2025-10-09 13:35:15,154 INFO     ___FILE_ONLY___ ═
2025-10-09 13:35:15,156 INFO     ___FILE_ONLY___ ═
2025-10-09 13:35:15,158 INFO     ___FILE_ONLY___ ═
2025-10-09 13:35:15,159 INFO     ___FILE_ONLY___ ═
2025-10-09 13:35:15,161 INFO     ___FILE_ONLY___ ═
2025-10-09 13:35:15,163 INFO     ___FILE_ONLY___ ═
2025-10-09 13:35:15,164 INFO     ___FILE_ONLY___ ═
2025-10-09 13:35:15,166 INFO     ___FILE_ONLY___ ═
2025-10-09 13:35:15,167 INFO     ___FILE_ONLY___ ═
2025-10-09 13:35:15,169 INFO     ___FILE_ONLY___ ═
2025-10-09 13:35:15,171 INFO     ___FILE_ONLY___ ═
2025-10-09 13:35:15,172 INFO     ___FILE_ONLY___ ═
2025-10-09 13:35:15,174 INFO     ___FILE_ONLY___ ═
2025-10-09 13:35:15,176 INFO     ___FILE_ONLY___ ═
2025-10-09 13:35:15,177 INFO     ___FILE_ONLY___ ═
2025-10-09 13:35:15,179 INFO     ___FILE_ONLY___ ═
2025-10-09 13:35:15,181 INFO     ___FILE_ONLY___ ═
2025-10-09 13:35:15,182 INFO     ___FILE_ONLY___ ═
2025-10-09 13:35:15,184 INFO     ___FILE_ONLY___ ═
2025-10-09 13:35:15,185 INFO     ___FILE_ONLY___ ═
2025-10-09 13:35:15,187 INFO     ___FILE_ONLY___ ═
2025-10-09 13:35:15,189 INFO     ___FILE_ONLY___ ═
2025-10-09 13:35:15,189 INFO     ___FILE_ONLY___ ╝

2025-10-09 13:35:15,191 INFO     ___FILE_ONLY___ ╔════════════════════════════════════════════════════════════╗

2025-10-09 13:35:15,191 INFO     ___FILE_ONLY___ ╠═ Downloading: Cloud Storage Command Line Tool             ═╣

2025-10-09 13:35:15,191 INFO     ___FILE_ONLY___ ╚
2025-10-09 13:35:15,194 DEBUG    urllib3.connectionpool Starting new HTTPS connection (1): dl.google.com:443
2025-10-09 13:35:16,148 DEBUG    urllib3.connectionpool https://dl.google.com:443 "GET /dl/cloudsdk/channels/rapid/components/google-cloud-sdk-gsutil-20250627154417.tar.gz HTTP/11" 200 12962791
2025-10-09 13:35:16,203 INFO     ___FILE_ONLY___ ═
2025-10-09 13:35:16,203 INFO     ___FILE_ONLY___ ═
2025-10-09 13:35:16,204 INFO     ___FILE_ONLY___ ═
2025-10-09 13:35:16,204 INFO     ___FILE_ONLY___ ═
2025-10-09 13:35:16,204 INFO     ___FILE_ONLY___ ═
2025-10-09 13:35:16,205 INFO     ___FILE_ONLY___ ═
2025-10-09 13:35:16,205 INFO     ___FILE_ONLY___ ═
2025-10-09 13:35:16,205 INFO     ___FILE_ONLY___ ═
2025-10-09 13:35:16,206 INFO     ___FILE_ONLY___ ═
2025-10-09 13:35:16,206 INFO     ___FILE_ONLY___ ═
2025-10-09 13:35:16,206 INFO     ___FILE_ONLY___ ═
2025-10-09 13:35:16,207 INFO     ___FILE_ONLY___ ═
2025-10-09 13:35:16,207 INFO     ___FILE_ONLY___ ═
2025-10-09 13:35:16,207 INFO     ___FILE_ONLY___ ═
2025-10-09 13:35:16,208 INFO     ___FILE_ONLY___ ═
2025-10-09 13:35:16,208 INFO     ___FILE_ONLY___ ═
2025-10-09 13:35:16,208 INFO     ___FILE_ONLY___ ═
2025-10-09 13:35:16,209 INFO     ___FILE_ONLY___ ═
2025-10-09 13:35:16,209 INFO     ___FILE_ONLY___ ═
2025-10-09 13:35:16,209 INFO     ___FILE_ONLY___ ═
2025-10-09 13:35:16,210 INFO     ___FILE_ONLY___ ═
2025-10-09 13:35:16,210 INFO     ___FILE_ONLY___ ═
2025-10-09 13:35:16,210 INFO     ___FILE_ONLY___ ═
2025-10-09 13:35:16,211 INFO     ___FILE_ONLY___ ═
2025-10-09 13:35:16,211 INFO     ___FILE_ONLY___ ═
2025-10-09 13:35:16,211 INFO     ___FILE_ONLY___ ═
2025-10-09 13:35:16,212 INFO     ___FILE_ONLY___ ═
2025-10-09 13:35:16,212 INFO     ___FILE_ONLY___ ═
2025-10-09 13:35:16,212 INFO     ___FILE_ONLY___ ═
2025-10-09 13:35:16,213 INFO     ___FILE_ONLY___ ═
2025-10-09 13:35:16,213 INFO     ___FILE_ONLY___ ═
2025-10-09 13:35:16,213 INFO     ___FILE_ONLY___ ═
2025-10-09 13:35:16,214 INFO     ___FILE_ONLY___ ═
2025-10-09 13:35:16,214 INFO     ___FILE_ONLY___ ═
2025-10-09 13:35:16,214 INFO     ___FILE_ONLY___ ═
2025-10-09 13:35:16,215 INFO     ___FILE_ONLY___ ═
2025-10-09 13:35:16,215 INFO     ___FILE_ONLY___ ═
2025-10-09 13:35:16,215 INFO     ___FILE_ONLY___ ═
2025-10-09 13:35:16,216 INFO     ___FILE_ONLY___ ═
2025-10-09 13:35:16,216 INFO     ___FILE_ONLY___ ═
2025-10-09 13:35:16,217 INFO     ___FILE_ONLY___ ═
2025-10-09 13:35:16,217 INFO     ___FILE_ONLY___ ═
2025-10-09 13:35:16,217 INFO     ___FILE_ONLY___ ═
2025-10-09 13:35:16,218 INFO     ___FILE_ONLY___ ═
2025-10-09 13:35:16,218 INFO     ___FILE_ONLY___ ═
2025-10-09 13:35:16,218 INFO     ___FILE_ONLY___ ═
2025-10-09 13:35:16,218 INFO     ___FILE_ONLY___ ═
2025-10-09 13:35:16,219 INFO     ___FILE_ONLY___ ═
2025-10-09 13:35:16,219 INFO     ___FILE_ONLY___ ═
2025-10-09 13:35:16,220 INFO     ___FILE_ONLY___ ═
2025-10-09 13:35:16,220 INFO     ___FILE_ONLY___ ═
2025-10-09 13:35:16,220 INFO     ___FILE_ONLY___ ═
2025-10-09 13:35:16,221 INFO     ___FILE_ONLY___ ═
2025-10-09 13:35:16,221 INFO     ___FILE_ONLY___ ═
2025-10-09 13:35:16,221 INFO     ___FILE_ONLY___ ═
2025-10-09 13:35:16,222 INFO     ___FILE_ONLY___ ═
2025-10-09 13:35:16,222 INFO     ___FILE_ONLY___ ═
2025-10-09 13:35:16,222 INFO     ___FILE_ONLY___ ═
2025-10-09 13:35:16,222 INFO     ___FILE_ONLY___ ═
2025-10-09 13:35:16,223 INFO     ___FILE_ONLY___ ═
2025-10-09 13:35:16,223 INFO     ___FILE_ONLY___ ╝

2025-10-09 13:35:16,225 INFO     ___FILE_ONLY___ ╔════════════════════════════════════════════════════════════╗

2025-10-09 13:35:16,225 INFO     ___FILE_ONLY___ ╠═ Downloading: Cloud Storage Command Line Tool (Platfor... ═╣

2025-10-09 13:35:16,225 INFO     ___FILE_ONLY___ ╚
2025-10-09 13:35:16,228 DEBUG    urllib3.connectionpool Starting new HTTPS connection (1): dl.google.com:443
2025-10-09 13:35:17,151 DEBUG    urllib3.connectionpool https://dl.google.com:443 "GET /dl/cloudsdk/channels/rapid/components/google-cloud-sdk-gsutil-nix-20250523104322.tar.gz HTTP/11" 200 1950
2025-10-09 13:35:17,151 INFO     ___FILE_ONLY___ ════════════════════════════════════════════════════════════
2025-10-09 13:35:17,151 INFO     ___FILE_ONLY___ ╝

2025-10-09 13:35:17,153 INFO     ___FILE_ONLY___ ╔════════════════════════════════════════════════════════════╗

2025-10-09 13:35:17,153 INFO     ___FILE_ONLY___ ╠═ Downloading: Default set of gcloud commands              ═╣

2025-10-09 13:35:17,153 INFO     ___FILE_ONLY___ ╚
2025-10-09 13:35:17,154 INFO     ___FILE_ONLY___ ════════════════════════════════════════════════════════════
2025-10-09 13:35:17,154 INFO     ___FILE_ONLY___ ╝

2025-10-09 13:35:17,155 INFO     ___FILE_ONLY___ ╔════════════════════════════════════════════════════════════╗

2025-10-09 13:35:17,155 INFO     ___FILE_ONLY___ ╠═ Downloading: Google Cloud CLI Core Libraries (Platfor... ═╣

2025-10-09 13:35:17,155 INFO     ___FILE_ONLY___ ╚
2025-10-09 13:35:17,158 DEBUG    urllib3.connectionpool Starting new HTTPS connection (1): dl.google.com:443
2025-10-09 13:35:18,152 DEBUG    urllib3.connectionpool https://dl.google.com:443 "GET /dl/cloudsdk/channels/rapid/components/google-cloud-sdk-core-nix-20250523104322.tar.gz HTTP/11" 200 2325
2025-10-09 13:35:18,153 INFO     ___FILE_ONLY___ ════════════════════════════════════════════════════════════
2025-10-09 13:35:18,153 INFO     ___FILE_ONLY___ ╝

2025-10-09 13:35:18,155 INFO     ___FILE_ONLY___ ╔════════════════════════════════════════════════════════════╗

2025-10-09 13:35:18,155 INFO     ___FILE_ONLY___ ╠═ Downloading: Google Cloud CRC32C Hash Tool               ═╣

2025-10-09 13:35:18,155 INFO     ___FILE_ONLY___ ╚
2025-10-09 13:35:18,155 INFO     ___FILE_ONLY___ ════════════════════════════════════════════════════════════
2025-10-09 13:35:18,155 INFO     ___FILE_ONLY___ ╝

2025-10-09 13:35:18,156 INFO     ___FILE_ONLY___ ╔════════════════════════════════════════════════════════════╗

2025-10-09 13:35:18,157 INFO     ___FILE_ONLY___ ╠═ Downloading: Google Cloud CRC32C Hash Tool (Platform ... ═╣

2025-10-09 13:35:18,157 INFO     ___FILE_ONLY___ ╚
2025-10-09 13:35:18,159 DEBUG    urllib3.connectionpool Starting new HTTPS connection (1): dl.google.com:443
2025-10-09 13:35:19,099 DEBUG    urllib3.connectionpool https://dl.google.com:443 "GET /dl/cloudsdk/channels/rapid/components/google-cloud-sdk-gcloud-crc32c-linux-x86_64-20250613150750.tar.gz HTTP/11" 200 1525557
2025-10-09 13:35:19,109 INFO     ___FILE_ONLY___ ═
2025-10-09 13:35:19,109 INFO     ___FILE_ONLY___ ═
2025-10-09 13:35:19,109 INFO     ___FILE_ONLY___ ═
2025-10-09 13:35:19,109 INFO     ___FILE_ONLY___ ═
2025-10-09 13:35:19,110 INFO     ___FILE_ONLY___ ═
2025-10-09 13:35:19,110 INFO     ___FILE_ONLY___ ═
2025-10-09 13:35:19,110 INFO     ___FILE_ONLY___ ═
2025-10-09 13:35:19,110 INFO     ___FILE_ONLY___ ═
2025-10-09 13:35:19,110 INFO     ___FILE_ONLY___ ═
2025-10-09 13:35:19,110 INFO     ___FILE_ONLY___ ═
2025-10-09 13:35:19,110 INFO     ___FILE_ONLY___ ═
2025-10-09 13:35:19,110 INFO     ___FILE_ONLY___ ═
2025-10-09 13:35:19,110 INFO     ___FILE_ONLY___ ═
2025-10-09 13:35:19,110 INFO     ___FILE_ONLY___ ═
2025-10-09 13:35:19,110 INFO     ___FILE_ONLY___ ═
2025-10-09 13:35:19,110 INFO     ___FILE_ONLY___ ═
2025-10-09 13:35:19,111 INFO     ___FILE_ONLY___ ═
2025-10-09 13:35:19,111 INFO     ___FILE_ONLY___ ═
2025-10-09 13:35:19,111 INFO     ___FILE_ONLY___ ═
2025-10-09 13:35:19,111 INFO     ___FILE_ONLY___ ═
2025-10-09 13:35:19,111 INFO     ___FILE_ONLY___ ═
2025-10-09 13:35:19,111 INFO     ___FILE_ONLY___ ═
2025-10-09 13:35:19,111 INFO     ___FILE_ONLY___ ═
2025-10-09 13:35:19,111 INFO     ___FILE_ONLY___ ═
2025-10-09 13:35:19,111 INFO     ___FILE_ONLY___ ═
2025-10-09 13:35:19,111 INFO     ___FILE_ONLY___ ═
2025-10-09 13:35:19,111 INFO     ___FILE_ONLY___ ═
2025-10-09 13:35:19,111 INFO     ___FILE_ONLY___ ═
2025-10-09 13:35:19,111 INFO     ___FILE_ONLY___ ═
2025-10-09 13:35:19,111 INFO     ___FILE_ONLY___ ═
2025-10-09 13:35:19,112 INFO     ___FILE_ONLY___ ═
2025-10-09 13:35:19,112 INFO     ___FILE_ONLY___ ═
2025-10-09 13:35:19,112 INFO     ___FILE_ONLY___ ═
2025-10-09 13:35:19,112 INFO     ___FILE_ONLY___ ═
2025-10-09 13:35:19,112 INFO     ___FILE_ONLY___ ═
2025-10-09 13:35:19,112 INFO     ___FILE_ONLY___ ═
2025-10-09 13:35:19,112 INFO     ___FILE_ONLY___ ═
2025-10-09 13:35:19,112 INFO     ___FILE_ONLY___ ═
2025-10-09 13:35:19,112 INFO     ___FILE_ONLY___ ═
2025-10-09 13:35:19,112 INFO     ___FILE_ONLY___ ═
2025-10-09 13:35:19,112 INFO     ___FILE_ONLY___ ═
2025-10-09 13:35:19,112 INFO     ___FILE_ONLY___ ═
2025-10-09 13:35:19,112 INFO     ___FILE_ONLY___ ═
2025-10-09 13:35:19,113 INFO     ___FILE_ONLY___ ═
2025-10-09 13:35:19,113 INFO     ___FILE_ONLY___ ═
2025-10-09 13:35:19,113 INFO     ___FILE_ONLY___ ═
2025-10-09 13:35:19,113 INFO     ___FILE_ONLY___ ═
2025-10-09 13:35:19,113 INFO     ___FILE_ONLY___ ═
2025-10-09 13:35:19,113 INFO     ___FILE_ONLY___ ═
2025-10-09 13:35:19,113 INFO     ___FILE_ONLY___ ═
2025-10-09 13:35:19,113 INFO     ___FILE_ONLY___ ═
2025-10-09 13:35:19,113 INFO     ___FILE_ONLY___ ═
2025-10-09 13:35:19,113 INFO     ___FILE_ONLY___ ═
2025-10-09 13:35:19,113 INFO     ___FILE_ONLY___ ═
2025-10-09 13:35:19,113 INFO     ___FILE_ONLY___ ═
2025-10-09 13:35:19,114 INFO     ___FILE_ONLY___ ═
2025-10-09 13:35:19,114 INFO     ___FILE_ONLY___ ═
2025-10-09 13:35:19,114 INFO     ___FILE_ONLY___ ═
2025-10-09 13:35:19,114 INFO     ___FILE_ONLY___ ═
2025-10-09 13:35:19,114 INFO     ___FILE_ONLY___ ═
2025-10-09 13:35:19,114 INFO     ___FILE_ONLY___ ╝

2025-10-09 13:35:19,116 INFO     ___FILE_ONLY___ ╔════════════════════════════════════════════════════════════╗

2025-10-09 13:35:19,116 INFO     ___FILE_ONLY___ ╠═ Downloading: gcloud cli dependencies (Platform Specific) ═╣

2025-10-09 13:35:19,116 INFO     ___FILE_ONLY___ ╚
2025-10-09 13:35:19,118 DEBUG    urllib3.connectionpool Starting new HTTPS connection (1): dl.google.com:443
2025-10-09 13:35:20,097 DEBUG    urllib3.connectionpool https://dl.google.com:443 "GET /dl/cloudsdk/channels/rapid/components/google-cloud-sdk-gcloud-deps-linux-x86_64-20210416153011.tar.gz HTTP/11" 200 104
2025-10-09 13:35:20,098 INFO     ___FILE_ONLY___ ════════════════════════════════════════════════════════════
2025-10-09 13:35:20,098 INFO     ___FILE_ONLY___ ╝

2025-10-09 13:35:20,100 INFO     ___FILE_ONLY___ ╔════════════════════════════════════════════════════════════╗

2025-10-09 13:35:20,100 INFO     ___FILE_ONLY___ ╠═ Installing: BigQuery Command Line Tool                   ═╣

2025-10-09 13:35:20,100 INFO     ___FILE_ONLY___ ╚
2025-10-09 13:35:20,191 INFO     ___FILE_ONLY___ ═
2025-10-09 13:35:20,193 INFO     ___FILE_ONLY___ ═
2025-10-09 13:35:20,195 INFO     ___FILE_ONLY___ ═
2025-10-09 13:35:20,197 INFO     ___FILE_ONLY___ ═
2025-10-09 13:35:20,200 INFO     ___FILE_ONLY___ ═
2025-10-09 13:35:20,202 INFO     ___FILE_ONLY___ ═
2025-10-09 13:35:20,204 INFO     ___FILE_ONLY___ ═
2025-10-09 13:35:20,206 INFO     ___FILE_ONLY___ ═
2025-10-09 13:35:20,208 INFO     ___FILE_ONLY___ ═
2025-10-09 13:35:20,210 INFO     ___FILE_ONLY___ ═
2025-10-09 13:35:20,212 INFO     ___FILE_ONLY___ ═
2025-10-09 13:35:20,214 INFO     ___FILE_ONLY___ ═
2025-10-09 13:35:20,216 INFO     ___FILE_ONLY___ ═
2025-10-09 13:35:20,218 INFO     ___FILE_ONLY___ ═
2025-10-09 13:35:20,220 INFO     ___FILE_ONLY___ ═
2025-10-09 13:35:20,222 INFO     ___FILE_ONLY___ ═
2025-10-09 13:35:20,224 INFO     ___FILE_ONLY___ ═
2025-10-09 13:35:20,226 INFO     ___FILE_ONLY___ ═
2025-10-09 13:35:20,228 INFO     ___FILE_ONLY___ ═
2025-10-09 13:35:20,231 INFO     ___FILE_ONLY___ ═
2025-10-09 13:35:20,234 INFO     ___FILE_ONLY___ ═
2025-10-09 13:35:20,235 INFO     ___FILE_ONLY___ ═
2025-10-09 13:35:20,238 INFO     ___FILE_ONLY___ ═
2025-10-09 13:35:20,239 INFO     ___FILE_ONLY___ ═
2025-10-09 13:35:20,241 INFO     ___FILE_ONLY___ ═
2025-10-09 13:35:20,243 INFO     ___FILE_ONLY___ ═
2025-10-09 13:35:20,245 INFO     ___FILE_ONLY___ ═
2025-10-09 13:35:20,247 INFO     ___FILE_ONLY___ ═
2025-10-09 13:35:20,249 INFO     ___FILE_ONLY___ ═
2025-10-09 13:35:20,253 INFO     ___FILE_ONLY___ ═
2025-10-09 13:35:20,254 INFO     ___FILE_ONLY___ ═
2025-10-09 13:35:20,256 INFO     ___FILE_ONLY___ ═
2025-10-09 13:35:20,258 INFO     ___FILE_ONLY___ ═
2025-10-09 13:35:20,261 INFO     ___FILE_ONLY___ ═
2025-10-09 13:35:20,263 INFO     ___FILE_ONLY___ ═
2025-10-09 13:35:20,270 INFO     ___FILE_ONLY___ ═
2025-10-09 13:35:20,275 INFO     ___FILE_ONLY___ ═
2025-10-09 13:35:20,280 INFO     ___FILE_ONLY___ ═
2025-10-09 13:35:20,282 INFO     ___FILE_ONLY___ ═
2025-10-09 13:35:20,284 INFO     ___FILE_ONLY___ ═
2025-10-09 13:35:20,286 INFO     ___FILE_ONLY___ ═
2025-10-09 13:35:20,288 INFO     ___FILE_ONLY___ ═
2025-10-09 13:35:20,291 INFO     ___FILE_ONLY___ ═
2025-10-09 13:35:20,294 INFO     ___FILE_ONLY___ ═
2025-10-09 13:35:20,296 INFO     ___FILE_ONLY___ ═
2025-10-09 13:35:20,299 INFO     ___FILE_ONLY___ ═
2025-10-09 13:35:20,300 INFO     ___FILE_ONLY___ ═
2025-10-09 13:35:20,302 INFO     ___FILE_ONLY___ ═
2025-10-09 13:35:20,304 INFO     ___FILE_ONLY___ ═
2025-10-09 13:35:20,306 INFO     ___FILE_ONLY___ ═
2025-10-09 13:35:20,308 INFO     ___FILE_ONLY___ ═
2025-10-09 13:35:20,310 INFO     ___FILE_ONLY___ ═
2025-10-09 13:35:20,312 INFO     ___FILE_ONLY___ ═
2025-10-09 13:35:20,315 INFO     ___FILE_ONLY___ ═
2025-10-09 13:35:20,316 INFO     ___FILE_ONLY___ ═
2025-10-09 13:35:20,318 INFO     ___FILE_ONLY___ ═
2025-10-09 13:35:20,320 INFO     ___FILE_ONLY___ ═
2025-10-09 13:35:20,322 INFO     ___FILE_ONLY___ ═
2025-10-09 13:35:20,324 INFO     ___FILE_ONLY___ ═
2025-10-09 13:35:20,326 INFO     ___FILE_ONLY___ ═
2025-10-09 13:35:20,326 INFO     ___FILE_ONLY___ ╝

2025-10-09 13:35:20,333 INFO     ___FILE_ONLY___ ╔════════════════════════════════════════════════════════════╗

2025-10-09 13:35:20,334 INFO     ___FILE_ONLY___ ╠═ Installing: BigQuery Command Line Tool (Platform Spec... ═╣

2025-10-09 13:35:20,334 INFO     ___FILE_ONLY___ ╚
2025-10-09 13:35:20,334 INFO     ___FILE_ONLY___ ════════════════════════════════════════════════════════════
2025-10-09 13:35:20,334 INFO     ___FILE_ONLY___ ╝

2025-10-09 13:35:20,338 INFO     ___FILE_ONLY___ ╔════════════════════════════════════════════════════════════╗

2025-10-09 13:35:20,338 INFO     ___FILE_ONLY___ ╠═ Installing: Bundled Python 3.12                          ═╣

2025-10-09 13:35:20,338 INFO     ___FILE_ONLY___ ╚
2025-10-09 13:35:20,341 INFO     ___FILE_ONLY___ ════════════════════════════════════════════════════════════
2025-10-09 13:35:20,341 INFO     ___FILE_ONLY___ ╝

2025-10-09 13:35:20,342 INFO     ___FILE_ONLY___ ╔════════════════════════════════════════════════════════════╗

2025-10-09 13:35:20,342 INFO     ___FILE_ONLY___ ╠═ Installing: Bundled Python 3.12 (Platform Specific)      ═╣

2025-10-09 13:35:20,342 INFO     ___FILE_ONLY___ ╚
2025-10-09 13:35:22,475 INFO     ___FILE_ONLY___ ═
2025-10-09 13:35:22,487 INFO     ___FILE_ONLY___ ═
2025-10-09 13:35:22,498 INFO     ___FILE_ONLY___ ═
2025-10-09 13:35:22,510 INFO     ___FILE_ONLY___ ═
2025-10-09 13:35:22,522 INFO     ___FILE_ONLY___ ═
2025-10-09 13:35:22,534 INFO     ___FILE_ONLY___ ═
2025-10-09 13:35:22,546 INFO     ___FILE_ONLY___ ═
2025-10-09 13:35:22,558 INFO     ___FILE_ONLY___ ═
2025-10-09 13:35:22,569 INFO     ___FILE_ONLY___ ═
2025-10-09 13:35:22,580 INFO     ___FILE_ONLY___ ═
2025-10-09 13:35:22,592 INFO     ___FILE_ONLY___ ═
2025-10-09 13:35:22,604 INFO     ___FILE_ONLY___ ═
2025-10-09 13:35:22,616 INFO     ___FILE_ONLY___ ═
2025-10-09 13:35:22,627 INFO     ___FILE_ONLY___ ═
2025-10-09 13:35:22,639 INFO     ___FILE_ONLY___ ═
2025-10-09 13:35:22,650 INFO     ___FILE_ONLY___ ═
2025-10-09 13:35:22,662 INFO     ___FILE_ONLY___ ═
2025-10-09 13:35:22,674 INFO     ___FILE_ONLY___ ═
2025-10-09 13:35:22,685 INFO     ___FILE_ONLY___ ═
2025-10-09 13:35:22,697 INFO     ___FILE_ONLY___ ═
2025-10-09 13:35:22,708 INFO     ___FILE_ONLY___ ═
2025-10-09 13:35:22,720 INFO     ___FILE_ONLY___ ═
2025-10-09 13:35:22,731 INFO     ___FILE_ONLY___ ═
2025-10-09 13:35:22,743 INFO     ___FILE_ONLY___ ═
2025-10-09 13:35:22,755 INFO     ___FILE_ONLY___ ═
2025-10-09 13:35:22,766 INFO     ___FILE_ONLY___ ═
2025-10-09 13:35:22,777 INFO     ___FILE_ONLY___ ═
2025-10-09 13:35:22,789 INFO     ___FILE_ONLY___ ═
2025-10-09 13:35:22,800 INFO     ___FILE_ONLY___ ═
2025-10-09 13:35:22,812 INFO     ___FILE_ONLY___ ═
2025-10-09 13:35:22,823 INFO     ___FILE_ONLY___ ═
2025-10-09 13:35:22,835 INFO     ___FILE_ONLY___ ═
2025-10-09 13:35:22,846 INFO     ___FILE_ONLY___ ═
2025-10-09 13:35:22,859 INFO     ___FILE_ONLY___ ═
2025-10-09 13:35:22,874 INFO     ___FILE_ONLY___ ═
2025-10-09 13:35:22,888 INFO     ___FILE_ONLY___ ═
2025-10-09 13:35:23,715 INFO     ___FILE_ONLY___ ═
2025-10-09 13:35:23,738 INFO     ___FILE_ONLY___ ═
2025-10-09 13:35:24,208 INFO     ___FILE_ONLY___ ═
2025-10-09 13:35:24,226 INFO     ___FILE_ONLY___ ═
2025-10-09 13:35:24,246 INFO     ___FILE_ONLY___ ═
2025-10-09 13:35:24,270 INFO     ___FILE_ONLY___ ═
2025-10-09 13:35:24,288 INFO     ___FILE_ONLY___ ═
2025-10-09 13:35:24,314 INFO     ___FILE_ONLY___ ═
2025-10-09 13:35:24,332 INFO     ___FILE_ONLY___ ═
2025-10-09 13:35:24,350 INFO     ___FILE_ONLY___ ═
2025-10-09 13:35:24,366 INFO     ___FILE_ONLY___ ═
2025-10-09 13:35:24,382 INFO     ___FILE_ONLY___ ═
2025-10-09 13:35:24,466 INFO     ___FILE_ONLY___ ═
2025-10-09 13:35:24,483 INFO     ___FILE_ONLY___ ═
2025-10-09 13:35:24,614 INFO     ___FILE_ONLY___ ═
2025-10-09 13:35:24,629 INFO     ___FILE_ONLY___ ═
2025-10-09 13:35:24,645 INFO     ___FILE_ONLY___ ═
2025-10-09 13:35:24,660 INFO     ___FILE_ONLY___ ═
2025-10-09 13:35:24,674 INFO     ___FILE_ONLY___ ═
2025-10-09 13:35:24,691 INFO     ___FILE_ONLY___ ═
2025-10-09 13:35:24,706 INFO     ___FILE_ONLY___ ═
2025-10-09 13:35:24,722 INFO     ___FILE_ONLY___ ═
2025-10-09 13:35:24,748 INFO     ___FILE_ONLY___ ═
2025-10-09 13:35:25,202 INFO     ___FILE_ONLY___ ═
2025-10-09 13:35:25,202 INFO     ___FILE_ONLY___ ╝

2025-10-09 13:35:25,254 INFO     ___FILE_ONLY___ ╔════════════════════════════════════════════════════════════╗

2025-10-09 13:35:25,254 INFO     ___FILE_ONLY___ ╠═ Installing: Cloud Storage Command Line Tool              ═╣

2025-10-09 13:35:25,254 INFO     ___FILE_ONLY___ ╚
2025-10-09 13:35:25,791 INFO     ___FILE_ONLY___ ═
2025-10-09 13:35:25,804 INFO     ___FILE_ONLY___ ═
2025-10-09 13:35:25,815 INFO     ___FILE_ONLY___ ═
2025-10-09 13:35:25,827 INFO     ___FILE_ONLY___ ═
2025-10-09 13:35:25,837 INFO     ___FILE_ONLY___ ═
2025-10-09 13:35:25,870 INFO     ___FILE_ONLY___ ═
2025-10-09 13:35:25,882 INFO     ___FILE_ONLY___ ═
2025-10-09 13:35:25,897 INFO     ___FILE_ONLY___ ═
2025-10-09 13:35:25,911 INFO     ___FILE_ONLY___ ═
2025-10-09 13:35:25,925 INFO     ___FILE_ONLY___ ═
2025-10-09 13:35:25,941 INFO     ___FILE_ONLY___ ═
2025-10-09 13:35:25,952 INFO     ___FILE_ONLY___ ═
2025-10-09 13:35:25,963 INFO     ___FILE_ONLY___ ═
2025-10-09 13:35:25,971 INFO     ___FILE_ONLY___ ═
2025-10-09 13:35:25,980 INFO     ___FILE_ONLY___ ═
2025-10-09 13:35:25,996 INFO     ___FILE_ONLY___ ═
2025-10-09 13:35:26,009 INFO     ___FILE_ONLY___ ═
2025-10-09 13:35:26,017 INFO     ___FILE_ONLY___ ═
2025-10-09 13:35:26,028 INFO     ___FILE_ONLY___ ═
2025-10-09 13:35:26,039 INFO     ___FILE_ONLY___ ═
2025-10-09 13:35:26,048 INFO     ___FILE_ONLY___ ═
2025-10-09 13:35:26,060 INFO     ___FILE_ONLY___ ═
2025-10-09 13:35:26,070 INFO     ___FILE_ONLY___ ═
2025-10-09 13:35:26,080 INFO     ___FILE_ONLY___ ═
2025-10-09 13:35:26,089 INFO     ___FILE_ONLY___ ═
2025-10-09 13:35:26,099 INFO     ___FILE_ONLY___ ═
2025-10-09 13:35:26,109 INFO     ___FILE_ONLY___ ═
2025-10-09 13:35:26,122 INFO     ___FILE_ONLY___ ═
2025-10-09 13:35:26,137 INFO     ___FILE_ONLY___ ═
2025-10-09 13:35:26,148 INFO     ___FILE_ONLY___ ═
2025-10-09 13:35:26,159 INFO     ___FILE_ONLY___ ═
2025-10-09 13:35:26,179 INFO     ___FILE_ONLY___ ═
2025-10-09 13:35:26,194 INFO     ___FILE_ONLY___ ═
2025-10-09 13:35:26,211 INFO     ___FILE_ONLY___ ═
2025-10-09 13:35:26,224 INFO     ___FILE_ONLY___ ═
2025-10-09 13:35:26,240 INFO     ___FILE_ONLY___ ═
2025-10-09 13:35:26,249 INFO     ___FILE_ONLY___ ═
2025-10-09 13:35:26,259 INFO     ___FILE_ONLY___ ═
2025-10-09 13:35:26,293 INFO     ___FILE_ONLY___ ═
2025-10-09 13:35:26,306 INFO     ___FILE_ONLY___ ═
2025-10-09 13:35:26,317 INFO     ___FILE_ONLY___ ═
2025-10-09 13:35:26,326 INFO     ___FILE_ONLY___ ═
2025-10-09 13:35:26,336 INFO     ___FILE_ONLY___ ═
2025-10-09 13:35:26,346 INFO     ___FILE_ONLY___ ═
2025-10-09 13:35:26,356 INFO     ___FILE_ONLY___ ═
2025-10-09 13:35:26,365 INFO     ___FILE_ONLY___ ═
2025-10-09 13:35:26,374 INFO     ___FILE_ONLY___ ═
2025-10-09 13:35:26,383 INFO     ___FILE_ONLY___ ═
2025-10-09 13:35:26,392 INFO     ___FILE_ONLY___ ═
2025-10-09 13:35:26,404 INFO     ___FILE_ONLY___ ═
2025-10-09 13:35:26,418 INFO     ___FILE_ONLY___ ═
2025-10-09 13:35:26,430 INFO     ___FILE_ONLY___ ═
2025-10-09 13:35:26,442 INFO     ___FILE_ONLY___ ═
2025-10-09 13:35:26,455 INFO     ___FILE_ONLY___ ═
2025-10-09 13:35:26,466 INFO     ___FILE_ONLY___ ═
2025-10-09 13:35:26,480 INFO     ___FILE_ONLY___ ═
2025-10-09 13:35:26,496 INFO     ___FILE_ONLY___ ═
2025-10-09 13:35:26,515 INFO     ___FILE_ONLY___ ═
2025-10-09 13:35:26,531 INFO     ___FILE_ONLY___ ═
2025-10-09 13:35:26,547 INFO     ___FILE_ONLY___ ═
2025-10-09 13:35:26,547 INFO     ___FILE_ONLY___ ╝

2025-10-09 13:35:26,577 INFO     ___FILE_ONLY___ ╔════════════════════════════════════════════════════════════╗

2025-10-09 13:35:26,577 INFO     ___FILE_ONLY___ ╠═ Installing: Cloud Storage Command Line Tool (Platform... ═╣

2025-10-09 13:35:26,577 INFO     ___FILE_ONLY___ ╚
2025-10-09 13:35:26,578 INFO     ___FILE_ONLY___ ════════════════════════════════════════════════════════════
2025-10-09 13:35:26,578 INFO     ___FILE_ONLY___ ╝

2025-10-09 13:35:26,582 INFO     ___FILE_ONLY___ ╔════════════════════════════════════════════════════════════╗

2025-10-09 13:35:26,582 INFO     ___FILE_ONLY___ ╠═ Installing: Default set of gcloud commands               ═╣

2025-10-09 13:35:26,582 INFO     ___FILE_ONLY___ ╚
2025-10-09 13:35:26,584 INFO     ___FILE_ONLY___ ════════════════════════════════════════════════════════════
2025-10-09 13:35:26,585 INFO     ___FILE_ONLY___ ╝

2025-10-09 13:35:26,586 INFO     ___FILE_ONLY___ ╔════════════════════════════════════════════════════════════╗

2025-10-09 13:35:26,586 INFO     ___FILE_ONLY___ ╠═ Installing: Google Cloud CLI Core Libraries (Platform... ═╣

2025-10-09 13:35:26,586 INFO     ___FILE_ONLY___ ╚
2025-10-09 13:35:26,587 INFO     ___FILE_ONLY___ ══════════════════════════════
2025-10-09 13:35:26,587 INFO     ___FILE_ONLY___ ══════════════════════════════
2025-10-09 13:35:26,587 INFO     ___FILE_ONLY___ ╝

2025-10-09 13:35:26,591 INFO     ___FILE_ONLY___ ╔════════════════════════════════════════════════════════════╗

2025-10-09 13:35:26,591 INFO     ___FILE_ONLY___ ╠═ Installing: Google Cloud CRC32C Hash Tool                ═╣

2025-10-09 13:35:26,591 INFO     ___FILE_ONLY___ ╚
2025-10-09 13:35:26,594 INFO     ___FILE_ONLY___ ════════════════════════════════════════════════════════════
2025-10-09 13:35:26,594 INFO     ___FILE_ONLY___ ╝

2025-10-09 13:35:26,595 INFO     ___FILE_ONLY___ ╔════════════════════════════════════════════════════════════╗

2025-10-09 13:35:26,595 INFO     ___FILE_ONLY___ ╠═ Installing: Google Cloud CRC32C Hash Tool (Platform S... ═╣

2025-10-09 13:35:26,595 INFO     ___FILE_ONLY___ ╚
2025-10-09 13:35:26,631 INFO     ___FILE_ONLY___ ══════════════════════════════
2025-10-09 13:35:26,632 INFO     ___FILE_ONLY___ ══════════════════════════════
2025-10-09 13:35:26,632 INFO     ___FILE_ONLY___ ╝

2025-10-09 13:35:26,636 INFO     ___FILE_ONLY___ ╔════════════════════════════════════════════════════════════╗

2025-10-09 13:35:26,636 INFO     ___FILE_ONLY___ ╠═ Installing: gcloud cli dependencies (Platform Specific)  ═╣

2025-10-09 13:35:26,636 INFO     ___FILE_ONLY___ ╚
2025-10-09 13:35:26,636 INFO     ___FILE_ONLY___ ════════════════════════════════════════════════════════════
2025-10-09 13:35:26,636 INFO     ___FILE_ONLY___ ╝

2025-10-09 13:35:26,641 DEBUG    root            Updating notification cache...
2025-10-09 13:35:26,641 INFO     ___FILE_ONLY___ 

2025-10-09 13:35:26,643 INFO     ___FILE_ONLY___ Performing post processing steps...
2025-10-09 13:35:26,643 DEBUG    root            Executing command: ['/tools/google-cloud-sdk/bin/gcloud', 'components', 'post-process']
2025-10-09 13:35:34,263 DEBUG    ___FILE_ONLY___ 
2025-10-09 13:35:34,263 DEBUG    ___FILE_ONLY___ 
2025-10-09 13:35:34,409 INFO     root            descriptor_list: [{'universeDomain': 'googleapis.com', 'universeShortName': '', 'authenticationDomain': 'auth.cloud.google.com', 'projectPrefix': '', 'cloudWebDomain': 'cloud.google.com', 'documentationDomain': 'cloud.google.com', 'version': '1.0.0', 'state': 'primary', 'artifactRegistryDomain': 'pkg.dev'}]
2025-10-09 13:35:34,409 INFO     ___FILE_ONLY___ 
Update done!


2025-10-09 13:35:34,412 DEBUG    root            Chosen display Format:none
2025-10-09 13:35:34,412 INFO     root            Display format: "none"
